<?xml version="1.0" encoding="UTF-8"?>
<robot generator="Robot 4.0 (Python 3.8.5 on linux)" generated="20210324 14:04:02.942" rpa="false" schemaversion="2">
<suite id="s1" name="Variaveis" source="/media/scparis/BACKUP/Piperun/Q_A/Teste/Xpert/Robot-Xpert/start/variaveis.robot">
<test id="s1-t1" name="Exemplo 01">
<kw name="Set Variable" library="BuiltIn">
<var>${nome}</var>
<arg>Fernando</arg>
<doc>Returns the given values which can then be assigned to a variables.</doc>
<msg timestamp="20210324 14:04:02.961" level="INFO">${nome} = Fernando</msg>
<status status="PASS" starttime="20210324 14:04:02.961" endtime="20210324 14:04:02.961"/>
</kw>
<kw name="Set Suite Variable" library="BuiltIn">
<arg>${nome}</arg>
<doc>Makes a variable available everywhere within the scope of the current suite.</doc>
<msg timestamp="20210324 14:04:02.962" level="INFO">${nome} = Fernando</msg>
<status status="PASS" starttime="20210324 14:04:02.962" endtime="20210324 14:04:02.962"/>
</kw>
<kw name="Log To Console" library="BuiltIn">
<arg>${nome}</arg>
<doc>Logs the given message to the console.</doc>
<status status="PASS" starttime="20210324 14:04:02.962" endtime="20210324 14:04:02.963"/>
</kw>
<kw name="Log To Console" library="BuiltIn">
<arg>${apelido}</arg>
<doc>Logs the given message to the console.</doc>
<status status="PASS" starttime="20210324 14:04:02.963" endtime="20210324 14:04:02.963"/>
</kw>
<status status="PASS" starttime="20210324 14:04:02.961" endtime="20210324 14:04:02.964"/>
</test>
<test id="s1-t2" name="Exemplo 02">
<kw name="Log To Console" library="BuiltIn">
<arg>${nome}</arg>
<doc>Logs the given message to the console.</doc>
<status status="PASS" starttime="20210324 14:04:02.965" endtime="20210324 14:04:02.965"/>
</kw>
<kw name="Log To Console" library="BuiltIn">
<arg>${apelido}</arg>
<doc>Logs the given message to the console.</doc>
<status status="PASS" starttime="20210324 14:04:02.965" endtime="20210324 14:04:02.966"/>
</kw>
<status status="PASS" starttime="20210324 14:04:02.964" endtime="20210324 14:04:02.966"/>
</test>
<doc>Exemplos de variáveis</doc>
<status status="PASS" starttime="20210324 14:04:02.943" endtime="20210324 14:04:02.966"/>
</suite>
<statistics>
<total>
<stat pass="2" fail="0" skip="0">All Tests</stat>
</total>
<tag>
</tag>
<suite>
<stat pass="2" fail="0" skip="0" id="s1" name="Variaveis">Variaveis</stat>
</suite>
</statistics>
<errors>
</errors>
</robot>
