<?xml version="1.0" encoding="UTF-8"?>
<robot generator="Robot 4.0 (Python 3.8.5 on linux)" generated="20210407 11:59:40.538" rpa="false" schemaversion="2">
<suite id="s1" name="Hello" source="/media/scparis/HD1/Cursos/Automação de teste/Robot-Xpert/Mobile/hello.robot">
<test id="s1-t1" name="Deve retornar mensagem de boas vindas">
<kw name="Hello Robot" library="hello">
<var>${resultado}</var>
<msg timestamp="20210407 11:59:40.570" level="INFO">${resultado} = Ola, Bem vindo ao curso de Robot Mobile</msg>
<status status="PASS" starttime="20210407 11:59:40.570" endtime="20210407 11:59:40.570"/>
</kw>
<kw name="Should Be Equal" library="BuiltIn">
<arg>${resultado}</arg>
<arg>Ola, Bem vindo ao curso de Robot Mobile</arg>
<doc>Fails if the given objects are unequal.</doc>
<status status="PASS" starttime="20210407 11:59:40.570" endtime="20210407 11:59:40.571"/>
</kw>
<status status="PASS" starttime="20210407 11:59:40.569" endtime="20210407 11:59:40.571"/>
</test>
<status status="PASS" starttime="20210407 11:59:40.539" endtime="20210407 11:59:40.572"/>
</suite>
<statistics>
<total>
<stat pass="1" fail="0" skip="0">All Tests</stat>
</total>
<tag>
</tag>
<suite>
<stat pass="1" fail="0" skip="0" id="s1" name="Hello">Hello</stat>
</suite>
</statistics>
<errors>
</errors>
</robot>
